\BOOKMARK [0][-]{chapter.1}{\376\377\0001\000\040\000S\000y\000s\000t\000e\000m\000\040\000D\000e\000s\000i\000g\000n\000\040\000T\000r\000a\000f\000f\000i\000c\000\040\000L\000i\000g\000h\000t\000\040\000p\000r\000o\000j\000e\000c\000t}{}% 1
\BOOKMARK [1][-]{section.1.1}{\376\377\0001\000.\0001\000\040\000I\000n\000t\000r\000o\000d\000u\000c\000t\000i\000o\000n}{chapter.1}% 2
\BOOKMARK [1][-]{section.1.2}{\376\377\0001\000.\0002\000\040\000S\000y\000s\000t\000e\000m\000\040\000D\000e\000s\000i\000g\000n\000\040\000\050\000p\000r\000o\000t\000e\000u\000s\000\051}{chapter.1}% 3
\BOOKMARK [1][-]{section.1.3}{\376\377\0001\000.\0003\000\040\000S\000y\000s\000t\000e\000m\000\040\000l\000a\000y\000e\000r\000s}{chapter.1}% 4
\BOOKMARK [1][-]{section.1.4}{\376\377\0001\000.\0004\000\040\000S\000y\000s\000t\000e\000m\000\040\000D\000r\000i\000v\000e\000r\000s}{chapter.1}% 5
\BOOKMARK [1][-]{section.1.5}{\376\377\0001\000.\0005\000\040\000s\000t\000a\000t\000e\000\040\000m\000a\000c\000h\000i\000n\000e}{chapter.1}% 6
\BOOKMARK [0][-]{chapter.2}{\376\377\0002\000\040\000F\000i\000l\000e\000\040\000I\000n\000d\000e\000x}{}% 7
\BOOKMARK [1][-]{section.2.1}{\376\377\0002\000.\0001\000\040\000F\000i\000l\000e\000\040\000L\000i\000s\000t}{chapter.2}% 8
\BOOKMARK [0][-]{chapter.3}{\376\377\0003\000\040\000F\000i\000l\000e\000\040\000D\000o\000c\000u\000m\000e\000n\000t\000a\000t\000i\000o\000n}{}% 9
\BOOKMARK [1][-]{section.3.1}{\376\377\0003\000.\0001\000\040\000A\000p\000p\000/\000a\000p\000p\000.\000h\000\040\000F\000i\000l\000e\000\040\000R\000e\000f\000e\000r\000e\000n\000c\000e}{chapter.3}% 10
\BOOKMARK [2][-]{subsection.3.1.1}{\376\377\0003\000.\0001\000.\0001\000\040\000D\000e\000t\000a\000i\000l\000e\000d\000\040\000D\000e\000s\000c\000r\000i\000p\000t\000i\000o\000n}{section.3.1}% 11
\BOOKMARK [2][-]{subsection.3.1.2}{\376\377\0003\000.\0001\000.\0002\000\040\000M\000a\000c\000r\000o\000\040\000D\000e\000f\000i\000n\000i\000t\000i\000o\000n\000\040\000D\000o\000c\000u\000m\000e\000n\000t\000a\000t\000i\000o\000n}{section.3.1}% 12
\BOOKMARK [3][-]{subsubsection.3.1.2.1}{\376\377\0003\000.\0001\000.\0002\000.\0001\000\040\000O\000N\000\137\000D\000E\000L\000A\000Y}{subsection.3.1.2}% 13
\BOOKMARK [3][-]{subsubsection.3.1.2.2}{\376\377\0003\000.\0001\000.\0002\000.\0002\000\040\000T\000O\000G\000G\000L\000E\000\137\000D\000E\000L\000A\000Y}{subsection.3.1.2}% 14
\BOOKMARK [2][-]{subsection.3.1.3}{\376\377\0003\000.\0001\000.\0003\000\040\000T\000y\000p\000e\000d\000e\000f\000\040\000D\000o\000c\000u\000m\000e\000n\000t\000a\000t\000i\000o\000n}{section.3.1}% 15
\BOOKMARK [3][-]{subsubsection.3.1.3.1}{\376\377\0003\000.\0001\000.\0003\000.\0001\000\040\000L\000e\000d\000M\000o\000d\000e}{subsection.3.1.3}% 16
\BOOKMARK [3][-]{subsubsection.3.1.3.2}{\376\377\0003\000.\0001\000.\0003\000.\0002\000\040\000M\000o\000d\000e}{subsection.3.1.3}% 17
\BOOKMARK [2][-]{subsection.3.1.4}{\376\377\0003\000.\0001\000.\0004\000\040\000E\000n\000u\000m\000e\000r\000a\000t\000i\000o\000n\000\040\000T\000y\000p\000e\000\040\000D\000o\000c\000u\000m\000e\000n\000t\000a\000t\000i\000o\000n}{section.3.1}% 18
\BOOKMARK [3][-]{subsubsection.3.1.4.1}{\376\377\0003\000.\0001\000.\0004\000.\0001\000\040\000L\000e\000d\000M\000o\000d\000e}{subsection.3.1.4}% 19
\BOOKMARK [3][-]{subsubsection.3.1.4.2}{\376\377\0003\000.\0001\000.\0004\000.\0002\000\040\000M\000o\000d\000e}{subsection.3.1.4}% 20
\BOOKMARK [2][-]{subsection.3.1.5}{\376\377\0003\000.\0001\000.\0005\000\040\000F\000u\000n\000c\000t\000i\000o\000n\000\040\000D\000o\000c\000u\000m\000e\000n\000t\000a\000t\000i\000o\000n}{section.3.1}% 21
\BOOKMARK [3][-]{subsubsection.3.1.5.1}{\376\377\0003\000.\0001\000.\0005\000.\0001\000\040\000A\000p\000p\000S\000t\000a\000r\000t\000\050\000\051}{subsection.3.1.5}% 22
\BOOKMARK [3][-]{subsubsection.3.1.5.2}{\376\377\0003\000.\0001\000.\0005\000.\0002\000\040\000B\000l\000i\000n\000k\000\137\000B\000o\000t\000h\000\137\000Y\000E\000L\000L\000O\000W\000\050\000\051}{subsection.3.1.5}% 23
\BOOKMARK [3][-]{subsubsection.3.1.5.3}{\376\377\0003\000.\0001\000.\0005\000.\0003\000\040\000B\000l\000i\000n\000k\000\137\000C\000A\000R\000\137\000Y\000E\000L\000L\000O\000W\000\050\000\051}{subsection.3.1.5}% 24
\BOOKMARK [3][-]{subsubsection.3.1.5.4}{\376\377\0003\000.\0001\000.\0005\000.\0004\000\040\000L\000E\000D\000S\000\137\000O\000F\000F\000\050\000\051}{subsection.3.1.5}% 25
\BOOKMARK [1][-]{section.3.2}{\376\377\0003\000.\0002\000\040\000a\000p\000p\000.\000h}{chapter.3}% 26
\BOOKMARK [1][-]{section.3.3}{\376\377\0003\000.\0003\000\040\000D\000o\000c\000\137\000p\000a\000g\000e\000s\000/\000S\000y\000s\000t\000e\000m\000\040\000D\000e\000s\000i\000g\000n\000.\000m\000d\000\040\000F\000i\000l\000e\000\040\000R\000e\000f\000e\000r\000e\000n\000c\000e}{chapter.3}% 27
\BOOKMARK [1][-]{section.3.4}{\376\377\0003\000.\0004\000\040\000E\000C\000U\000L\000/\000B\000u\000t\000t\000o\000n\000\040\000D\000r\000i\000v\000e\000r\000/\000b\000u\000t\000t\000o\000n\000.\000c\000\040\000F\000i\000l\000e\000\040\000R\000e\000f\000e\000r\000e\000n\000c\000e}{chapter.3}% 28
\BOOKMARK [2][-]{subsection.3.4.1}{\376\377\0003\000.\0004\000.\0001\000\040\000D\000e\000t\000a\000i\000l\000e\000d\000\040\000D\000e\000s\000c\000r\000i\000p\000t\000i\000o\000n}{section.3.4}% 29
\BOOKMARK [2][-]{subsection.3.4.2}{\376\377\0003\000.\0004\000.\0002\000\040\000F\000u\000n\000c\000t\000i\000o\000n\000\040\000D\000o\000c\000u\000m\000e\000n\000t\000a\000t\000i\000o\000n}{section.3.4}% 30
\BOOKMARK [3][-]{subsubsection.3.4.2.1}{\376\377\0003\000.\0004\000.\0002\000.\0001\000\040\000B\000U\000T\000T\000O\000N\000\137\000I\000n\000i\000t\000\050\000\051}{subsection.3.4.2}% 31
\BOOKMARK [3][-]{subsubsection.3.4.2.2}{\376\377\0003\000.\0004\000.\0002\000.\0002\000\040\000B\000U\000T\000T\000O\000N\000\137\000r\000e\000a\000d\000\050\000\051}{subsection.3.4.2}% 32
\BOOKMARK [1][-]{section.3.5}{\376\377\0003\000.\0005\000\040\000E\000C\000U\000L\000/\000B\000u\000t\000t\000o\000n\000\040\000D\000r\000i\000v\000e\000r\000/\000b\000u\000t\000t\000o\000n\000.\000h\000\040\000F\000i\000l\000e\000\040\000R\000e\000f\000e\000r\000e\000n\000c\000e}{chapter.3}% 33
\BOOKMARK [2][-]{subsection.3.5.1}{\376\377\0003\000.\0005\000.\0001\000\040\000D\000e\000t\000a\000i\000l\000e\000d\000\040\000D\000e\000s\000c\000r\000i\000p\000t\000i\000o\000n}{section.3.5}% 34
\BOOKMARK [2][-]{subsection.3.5.2}{\376\377\0003\000.\0005\000.\0002\000\040\000M\000a\000c\000r\000o\000\040\000D\000e\000f\000i\000n\000i\000t\000i\000o\000n\000\040\000D\000o\000c\000u\000m\000e\000n\000t\000a\000t\000i\000o\000n}{section.3.5}% 35
\BOOKMARK [3][-]{subsubsection.3.5.2.1}{\376\377\0003\000.\0005\000.\0002\000.\0001\000\040\000P\000E\000D\000E\000S\000T\000R\000I\000A\000N\000\137\000B\000U\000T\000T\000O\000N}{subsection.3.5.2}% 36
\BOOKMARK [2][-]{subsection.3.5.3}{\376\377\0003\000.\0005\000.\0003\000\040\000F\000u\000n\000c\000t\000i\000o\000n\000\040\000D\000o\000c\000u\000m\000e\000n\000t\000a\000t\000i\000o\000n}{section.3.5}% 37
\BOOKMARK [3][-]{subsubsection.3.5.3.1}{\376\377\0003\000.\0005\000.\0003\000.\0001\000\040\000B\000U\000T\000T\000O\000N\000\137\000I\000n\000i\000t\000\050\000\051}{subsection.3.5.3}% 38
\BOOKMARK [3][-]{subsubsection.3.5.3.2}{\376\377\0003\000.\0005\000.\0003\000.\0002\000\040\000B\000U\000T\000T\000O\000N\000\137\000r\000e\000a\000d\000\050\000\051}{subsection.3.5.3}% 39
\BOOKMARK [1][-]{section.3.6}{\376\377\0003\000.\0006\000\040\000b\000u\000t\000t\000o\000n\000.\000h}{chapter.3}% 40
\BOOKMARK [1][-]{section.3.7}{\376\377\0003\000.\0007\000\040\000E\000C\000U\000L\000/\000L\000E\000D\000\040\000D\000r\000i\000v\000e\000r\000/\000l\000e\000d\000.\000c\000\040\000F\000i\000l\000e\000\040\000R\000e\000f\000e\000r\000e\000n\000c\000e}{chapter.3}% 41
\BOOKMARK [2][-]{subsection.3.7.1}{\376\377\0003\000.\0007\000.\0001\000\040\000D\000e\000t\000a\000i\000l\000e\000d\000\040\000D\000e\000s\000c\000r\000i\000p\000t\000i\000o\000n}{section.3.7}% 42
\BOOKMARK [2][-]{subsection.3.7.2}{\376\377\0003\000.\0007\000.\0002\000\040\000F\000u\000n\000c\000t\000i\000o\000n\000\040\000D\000o\000c\000u\000m\000e\000n\000t\000a\000t\000i\000o\000n}{section.3.7}% 43
\BOOKMARK [3][-]{subsubsection.3.7.2.1}{\376\377\0003\000.\0007\000.\0002\000.\0001\000\040\000L\000E\000D\000\137\000I\000n\000i\000t\000\050\000\051}{subsection.3.7.2}% 44
\BOOKMARK [3][-]{subsubsection.3.7.2.2}{\376\377\0003\000.\0007\000.\0002\000.\0002\000\040\000L\000E\000D\000\137\000O\000f\000f\000\050\000\051}{subsection.3.7.2}% 45
\BOOKMARK [3][-]{subsubsection.3.7.2.3}{\376\377\0003\000.\0007\000.\0002\000.\0003\000\040\000L\000E\000D\000\137\000O\000n\000\050\000\051}{subsection.3.7.2}% 46
\BOOKMARK [3][-]{subsubsection.3.7.2.4}{\376\377\0003\000.\0007\000.\0002\000.\0004\000\040\000L\000E\000D\000\137\000t\000o\000g\000g\000l\000e\000\050\000\051}{subsection.3.7.2}% 47
\BOOKMARK [1][-]{section.3.8}{\376\377\0003\000.\0008\000\040\000E\000C\000U\000L\000/\000L\000E\000D\000\040\000D\000r\000i\000v\000e\000r\000/\000l\000e\000d\000.\000h\000\040\000F\000i\000l\000e\000\040\000R\000e\000f\000e\000r\000e\000n\000c\000e}{chapter.3}% 48
\BOOKMARK [2][-]{subsection.3.8.1}{\376\377\0003\000.\0008\000.\0001\000\040\000D\000e\000t\000a\000i\000l\000e\000d\000\040\000D\000e\000s\000c\000r\000i\000p\000t\000i\000o\000n}{section.3.8}% 49
\BOOKMARK [2][-]{subsection.3.8.2}{\376\377\0003\000.\0008\000.\0002\000\040\000M\000a\000c\000r\000o\000\040\000D\000e\000f\000i\000n\000i\000t\000i\000o\000n\000\040\000D\000o\000c\000u\000m\000e\000n\000t\000a\000t\000i\000o\000n}{section.3.8}% 50
\BOOKMARK [3][-]{subsubsection.3.8.2.1}{\376\377\0003\000.\0008\000.\0002\000.\0001\000\040\000C\000A\000R\000\137\000L\000E\000D\000\137\000G\000R\000E\000E\000N}{subsection.3.8.2}% 51
\BOOKMARK [3][-]{subsubsection.3.8.2.2}{\376\377\0003\000.\0008\000.\0002\000.\0002\000\040\000C\000A\000R\000\137\000L\000E\000D\000\137\000R\000E\000D}{subsection.3.8.2}% 52
\BOOKMARK [3][-]{subsubsection.3.8.2.3}{\376\377\0003\000.\0008\000.\0002\000.\0003\000\040\000C\000A\000R\000\137\000L\000E\000D\000\137\000Y\000E\000L\000L\000O\000W}{subsection.3.8.2}% 53
\BOOKMARK [3][-]{subsubsection.3.8.2.4}{\376\377\0003\000.\0008\000.\0002\000.\0004\000\040\000P\000E\000D\000E\000S\000\137\000L\000E\000D\000\137\000G\000R\000E\000E\000N}{subsection.3.8.2}% 54
\BOOKMARK [3][-]{subsubsection.3.8.2.5}{\376\377\0003\000.\0008\000.\0002\000.\0005\000\040\000P\000E\000D\000E\000S\000\137\000L\000E\000D\000\137\000R\000E\000D}{subsection.3.8.2}% 55
\BOOKMARK [3][-]{subsubsection.3.8.2.6}{\376\377\0003\000.\0008\000.\0002\000.\0006\000\040\000P\000E\000D\000E\000S\000\137\000L\000E\000D\000\137\000Y\000E\000L\000L\000O\000W}{subsection.3.8.2}% 56
\BOOKMARK [2][-]{subsection.3.8.3}{\376\377\0003\000.\0008\000.\0003\000\040\000F\000u\000n\000c\000t\000i\000o\000n\000\040\000D\000o\000c\000u\000m\000e\000n\000t\000a\000t\000i\000o\000n}{section.3.8}% 57
\BOOKMARK [3][-]{subsubsection.3.8.3.1}{\376\377\0003\000.\0008\000.\0003\000.\0001\000\040\000L\000E\000D\000\137\000I\000n\000i\000t\000\050\000\051}{subsection.3.8.3}% 58
\BOOKMARK [3][-]{subsubsection.3.8.3.2}{\376\377\0003\000.\0008\000.\0003\000.\0002\000\040\000L\000E\000D\000\137\000O\000f\000f\000\050\000\051}{subsection.3.8.3}% 59
\BOOKMARK [3][-]{subsubsection.3.8.3.3}{\376\377\0003\000.\0008\000.\0003\000.\0003\000\040\000L\000E\000D\000\137\000O\000n\000\050\000\051}{subsection.3.8.3}% 60
\BOOKMARK [3][-]{subsubsection.3.8.3.4}{\376\377\0003\000.\0008\000.\0003\000.\0004\000\040\000L\000E\000D\000\137\000t\000o\000g\000g\000l\000e\000\050\000\051}{subsection.3.8.3}% 61
\BOOKMARK [1][-]{section.3.9}{\376\377\0003\000.\0009\000\040\000l\000e\000d\000.\000h}{chapter.3}% 62
\BOOKMARK [1][-]{section.3.10}{\376\377\0003\000.\0001\0000\000\040\000m\000a\000i\000n\000.\000c\000\040\000F\000i\000l\000e\000\040\000R\000e\000f\000e\000r\000e\000n\000c\000e}{chapter.3}% 63
\BOOKMARK [2][-]{subsection.3.10.1}{\376\377\0003\000.\0001\0000\000.\0001\000\040\000D\000e\000t\000a\000i\000l\000e\000d\000\040\000D\000e\000s\000c\000r\000i\000p\000t\000i\000o\000n}{section.3.10}% 64
\BOOKMARK [2][-]{subsection.3.10.2}{\376\377\0003\000.\0001\0000\000.\0002\000\040\000M\000a\000c\000r\000o\000\040\000D\000e\000f\000i\000n\000i\000t\000i\000o\000n\000\040\000D\000o\000c\000u\000m\000e\000n\000t\000a\000t\000i\000o\000n}{section.3.10}% 65
\BOOKMARK [3][-]{subsubsection.3.10.2.1}{\376\377\0003\000.\0001\0000\000.\0002\000.\0001\000\040\000F\000\137\000C\000P\000U}{subsection.3.10.2}% 66
\BOOKMARK [2][-]{subsection.3.10.3}{\376\377\0003\000.\0001\0000\000.\0003\000\040\000F\000u\000n\000c\000t\000i\000o\000n\000\040\000D\000o\000c\000u\000m\000e\000n\000t\000a\000t\000i\000o\000n}{section.3.10}% 67
\BOOKMARK [3][-]{subsubsection.3.10.3.1}{\376\377\0003\000.\0001\0000\000.\0003\000.\0001\000\040\000A\000p\000p\000S\000t\000a\000r\000t\000\050\000\051}{subsection.3.10.3}% 68
\BOOKMARK [3][-]{subsubsection.3.10.3.2}{\376\377\0003\000.\0001\0000\000.\0003\000.\0002\000\040\000B\000l\000i\000n\000k\000\137\000B\000o\000t\000h\000\137\000Y\000E\000L\000L\000O\000W\000\050\000\051}{subsection.3.10.3}% 69
\BOOKMARK [3][-]{subsubsection.3.10.3.3}{\376\377\0003\000.\0001\0000\000.\0003\000.\0003\000\040\000B\000l\000i\000n\000k\000\137\000C\000A\000R\000\137\000Y\000E\000L\000L\000O\000W\000\050\000\051}{subsection.3.10.3}% 70
\BOOKMARK [3][-]{subsubsection.3.10.3.4}{\376\377\0003\000.\0001\0000\000.\0003\000.\0004\000\040\000I\000S\000R\000\050\000\051}{subsection.3.10.3}% 71
\BOOKMARK [3][-]{subsubsection.3.10.3.5}{\376\377\0003\000.\0001\0000\000.\0003\000.\0005\000\040\000L\000E\000D\000S\000\137\000O\000F\000F\000\050\000\051}{subsection.3.10.3}% 72
\BOOKMARK [3][-]{subsubsection.3.10.3.6}{\376\377\0003\000.\0001\0000\000.\0003\000.\0006\000\040\000m\000a\000i\000n\000\050\000\051}{subsection.3.10.3}% 73
\BOOKMARK [2][-]{subsection.3.10.4}{\376\377\0003\000.\0001\0000\000.\0004\000\040\000V\000a\000r\000i\000a\000b\000l\000e\000\040\000D\000o\000c\000u\000m\000e\000n\000t\000a\000t\000i\000o\000n}{section.3.10}% 74
\BOOKMARK [3][-]{subsubsection.3.10.4.1}{\376\377\0003\000.\0001\0000\000.\0004\000.\0001\000\040\000A\000p\000p\000\137\000s\000t\000a\000t\000e}{subsection.3.10.4}% 75
\BOOKMARK [3][-]{subsubsection.3.10.4.2}{\376\377\0003\000.\0001\0000\000.\0004\000.\0002\000\040\000c\000u\000r\000r\000e\000n\000t\000\137\000c\000a\000r\000L\000e\000d\000\137\000M\000o\000d\000e}{subsection.3.10.4}% 76
\BOOKMARK [3][-]{subsubsection.3.10.4.3}{\376\377\0003\000.\0001\0000\000.\0004\000.\0003\000\040\000c\000u\000r\000r\000e\000n\000t\000M\000o\000d\000e}{subsection.3.10.4}% 77
\BOOKMARK [3][-]{subsubsection.3.10.4.4}{\376\377\0003\000.\0001\0000\000.\0004\000.\0004\000\040\000F\000i\000r\000s\000t\000S\000t\000a\000t\000e}{subsection.3.10.4}% 78
\BOOKMARK [3][-]{subsubsection.3.10.4.5}{\376\377\0003\000.\0001\0000\000.\0004\000.\0005\000\040\000F\000l\000a\000g}{subsection.3.10.4}% 79
\BOOKMARK [3][-]{subsubsection.3.10.4.6}{\376\377\0003\000.\0001\0000\000.\0004\000.\0006\000\040\000p\000r\000e\000v\000i\000o\000u\000s\000\137\000c\000a\000r\000L\000e\000d\000\137\000M\000o\000d\000e}{subsection.3.10.4}% 80
\BOOKMARK [1][-]{section.3.11}{\376\377\0003\000.\0001\0001\000\040\000M\000C\000A\000L\000/\000D\000I\000O\000\040\000D\000r\000i\000v\000e\000r\000/\000d\000i\000o\000.\000c\000\040\000F\000i\000l\000e\000\040\000R\000e\000f\000e\000r\000e\000n\000c\000e}{chapter.3}% 81
\BOOKMARK [2][-]{subsection.3.11.1}{\376\377\0003\000.\0001\0001\000.\0001\000\040\000D\000e\000t\000a\000i\000l\000e\000d\000\040\000D\000e\000s\000c\000r\000i\000p\000t\000i\000o\000n}{section.3.11}% 82
\BOOKMARK [2][-]{subsection.3.11.2}{\376\377\0003\000.\0001\0001\000.\0002\000\040\000F\000u\000n\000c\000t\000i\000o\000n\000\040\000D\000o\000c\000u\000m\000e\000n\000t\000a\000t\000i\000o\000n}{section.3.11}% 83
\BOOKMARK [3][-]{subsubsection.3.11.2.1}{\376\377\0003\000.\0001\0001\000.\0002\000.\0001\000\040\000D\000I\000O\000\137\000i\000n\000i\000t\000\050\000\051}{subsection.3.11.2}% 84
\BOOKMARK [3][-]{subsubsection.3.11.2.2}{\376\377\0003\000.\0001\0001\000.\0002\000.\0002\000\040\000D\000I\000O\000\137\000R\000e\000a\000d\000\050\000\051}{subsection.3.11.2}% 85
\BOOKMARK [3][-]{subsubsection.3.11.2.3}{\376\377\0003\000.\0001\0001\000.\0002\000.\0003\000\040\000D\000I\000O\000\137\000T\000o\000g\000g\000l\000e\000\050\000\051}{subsection.3.11.2}% 86
\BOOKMARK [3][-]{subsubsection.3.11.2.4}{\376\377\0003\000.\0001\0001\000.\0002\000.\0004\000\040\000D\000I\000O\000\137\000W\000r\000i\000t\000e\000\050\000\051}{subsection.3.11.2}% 87
\BOOKMARK [1][-]{section.3.12}{\376\377\0003\000.\0001\0002\000\040\000M\000C\000A\000L\000/\000D\000I\000O\000\040\000D\000r\000i\000v\000e\000r\000/\000d\000i\000o\000.\000h\000\040\000F\000i\000l\000e\000\040\000R\000e\000f\000e\000r\000e\000n\000c\000e}{chapter.3}% 88
\BOOKMARK [2][-]{subsection.3.12.1}{\376\377\0003\000.\0001\0002\000.\0001\000\040\000M\000a\000c\000r\000o\000\040\000D\000e\000f\000i\000n\000i\000t\000i\000o\000n\000\040\000D\000o\000c\000u\000m\000e\000n\000t\000a\000t\000i\000o\000n}{section.3.12}% 89
\BOOKMARK [3][-]{subsubsection.3.12.1.1}{\376\377\0003\000.\0001\0002\000.\0001\000.\0001\000\040\000H\000I\000G\000H}{subsection.3.12.1}% 90
\BOOKMARK [3][-]{subsubsection.3.12.1.2}{\376\377\0003\000.\0001\0002\000.\0001\000.\0002\000\040\000I\000N}{subsection.3.12.1}% 91
\BOOKMARK [3][-]{subsubsection.3.12.1.3}{\376\377\0003\000.\0001\0002\000.\0001\000.\0003\000\040\000L\000O\000W}{subsection.3.12.1}% 92
\BOOKMARK [3][-]{subsubsection.3.12.1.4}{\376\377\0003\000.\0001\0002\000.\0001\000.\0004\000\040\000O\000U\000T}{subsection.3.12.1}% 93
\BOOKMARK [3][-]{subsubsection.3.12.1.5}{\376\377\0003\000.\0001\0002\000.\0001\000.\0005\000\040\000P\000o\000r\000t\000\137\000A}{subsection.3.12.1}% 94
\BOOKMARK [3][-]{subsubsection.3.12.1.6}{\376\377\0003\000.\0001\0002\000.\0001\000.\0006\000\040\000P\000o\000r\000t\000\137\000B}{subsection.3.12.1}% 95
\BOOKMARK [3][-]{subsubsection.3.12.1.7}{\376\377\0003\000.\0001\0002\000.\0001\000.\0007\000\040\000P\000o\000r\000t\000\137\000C}{subsection.3.12.1}% 96
\BOOKMARK [3][-]{subsubsection.3.12.1.8}{\376\377\0003\000.\0001\0002\000.\0001\000.\0008\000\040\000P\000o\000r\000t\000\137\000D}{subsection.3.12.1}% 97
\BOOKMARK [2][-]{subsection.3.12.2}{\376\377\0003\000.\0001\0002\000.\0002\000\040\000F\000u\000n\000c\000t\000i\000o\000n\000\040\000D\000o\000c\000u\000m\000e\000n\000t\000a\000t\000i\000o\000n}{section.3.12}% 98
\BOOKMARK [3][-]{subsubsection.3.12.2.1}{\376\377\0003\000.\0001\0002\000.\0002\000.\0001\000\040\000D\000I\000O\000\137\000i\000n\000i\000t\000\050\000\051}{subsection.3.12.2}% 99
\BOOKMARK [3][-]{subsubsection.3.12.2.2}{\376\377\0003\000.\0001\0002\000.\0002\000.\0002\000\040\000D\000I\000O\000\137\000R\000e\000a\000d\000\050\000\051}{subsection.3.12.2}% 100
\BOOKMARK [3][-]{subsubsection.3.12.2.3}{\376\377\0003\000.\0001\0002\000.\0002\000.\0003\000\040\000D\000I\000O\000\137\000T\000o\000g\000g\000l\000e\000\050\000\051}{subsection.3.12.2}% 101
\BOOKMARK [3][-]{subsubsection.3.12.2.4}{\376\377\0003\000.\0001\0002\000.\0002\000.\0004\000\040\000D\000I\000O\000\137\000W\000r\000i\000t\000e\000\050\000\051}{subsection.3.12.2}% 102
\BOOKMARK [1][-]{section.3.13}{\376\377\0003\000.\0001\0003\000\040\000d\000i\000o\000.\000h}{chapter.3}% 103
\BOOKMARK [1][-]{section.3.14}{\376\377\0003\000.\0001\0004\000\040\000M\000C\000A\000L\000/\000I\000n\000t\000e\000r\000r\000u\000p\000t\000s\000.\000h\000\040\000F\000i\000l\000e\000\040\000R\000e\000f\000e\000r\000e\000n\000c\000e}{chapter.3}% 104
\BOOKMARK [2][-]{subsection.3.14.1}{\376\377\0003\000.\0001\0004\000.\0001\000\040\000M\000a\000c\000r\000o\000\040\000D\000e\000f\000i\000n\000i\000t\000i\000o\000n\000\040\000D\000o\000c\000u\000m\000e\000n\000t\000a\000t\000i\000o\000n}{section.3.14}% 105
\BOOKMARK [3][-]{subsubsection.3.14.1.1}{\376\377\0003\000.\0001\0004\000.\0001\000.\0001\000\040\000c\000l\000i}{subsection.3.14.1}% 106
\BOOKMARK [3][-]{subsubsection.3.14.1.2}{\376\377\0003\000.\0001\0004\000.\0001\000.\0002\000\040\000E\000X\000T\000\137\000I\000N\000T\000\137\0000}{subsection.3.14.1}% 107
\BOOKMARK [3][-]{subsubsection.3.14.1.3}{\376\377\0003\000.\0001\0004\000.\0001\000.\0003\000\040\000E\000X\000T\000\137\000I\000N\000T\000\137\0001}{subsection.3.14.1}% 108
\BOOKMARK [3][-]{subsubsection.3.14.1.4}{\376\377\0003\000.\0001\0004\000.\0001\000.\0004\000\040\000E\000X\000T\000\137\000I\000N\000T\000\137\0002}{subsection.3.14.1}% 109
\BOOKMARK [3][-]{subsubsection.3.14.1.5}{\376\377\0003\000.\0001\0004\000.\0001\000.\0005\000\040\000I\000S\000R}{subsection.3.14.1}% 110
\BOOKMARK [3][-]{subsubsection.3.14.1.6}{\376\377\0003\000.\0001\0004\000.\0001\000.\0006\000\040\000s\000e\000i}{subsection.3.14.1}% 111
\BOOKMARK [3][-]{subsubsection.3.14.1.7}{\376\377\0003\000.\0001\0004\000.\0001\000.\0007\000\040\000T\000I\000M\000E\000R\0000\000\137\000O\000V\000F}{subsection.3.14.1}% 112
\BOOKMARK [1][-]{section.3.15}{\376\377\0003\000.\0001\0005\000\040\000I\000n\000t\000e\000r\000r\000u\000p\000t\000s\000.\000h}{chapter.3}% 113
\BOOKMARK [1][-]{section.3.16}{\376\377\0003\000.\0001\0006\000\040\000M\000C\000A\000L\000/\000T\000i\000m\000e\000r\000/\000t\000i\000m\000e\000r\000.\000c\000\040\000F\000i\000l\000e\000\040\000R\000e\000f\000e\000r\000e\000n\000c\000e}{chapter.3}% 114
\BOOKMARK [2][-]{subsection.3.16.1}{\376\377\0003\000.\0001\0006\000.\0001\000\040\000D\000e\000t\000a\000i\000l\000e\000d\000\040\000D\000e\000s\000c\000r\000i\000p\000t\000i\000o\000n}{section.3.16}% 115
\BOOKMARK [2][-]{subsection.3.16.2}{\376\377\0003\000.\0001\0006\000.\0002\000\040\000F\000u\000n\000c\000t\000i\000o\000n\000\040\000D\000o\000c\000u\000m\000e\000n\000t\000a\000t\000i\000o\000n}{section.3.16}% 116
\BOOKMARK [3][-]{subsubsection.3.16.2.1}{\376\377\0003\000.\0001\0006\000.\0002\000.\0001\000\040\000t\000i\000m\000e\000r\0000\000\137\000I\000n\000i\000t\000\050\000\051}{subsection.3.16.2}% 117
\BOOKMARK [3][-]{subsubsection.3.16.2.2}{\376\377\0003\000.\0001\0006\000.\0002\000.\0002\000\040\000t\000i\000m\000e\000r\0000\000\137\000s\000t\000a\000r\000t\000\050\000\051}{subsection.3.16.2}% 118
\BOOKMARK [3][-]{subsubsection.3.16.2.3}{\376\377\0003\000.\0001\0006\000.\0002\000.\0003\000\040\000t\000i\000m\000e\000r\0000\000\137\000s\000t\000o\000p\000\050\000\051}{subsection.3.16.2}% 119
\BOOKMARK [1][-]{section.3.17}{\376\377\0003\000.\0001\0007\000\040\000M\000C\000A\000L\000/\000T\000i\000m\000e\000r\000/\000t\000i\000m\000e\000r\000.\000h\000\040\000F\000i\000l\000e\000\040\000R\000e\000f\000e\000r\000e\000n\000c\000e}{chapter.3}% 120
\BOOKMARK [2][-]{subsection.3.17.1}{\376\377\0003\000.\0001\0007\000.\0001\000\040\000M\000a\000c\000r\000o\000\040\000D\000e\000f\000i\000n\000i\000t\000i\000o\000n\000\040\000D\000o\000c\000u\000m\000e\000n\000t\000a\000t\000i\000o\000n}{section.3.17}% 121
\BOOKMARK [3][-]{subsubsection.3.17.1.1}{\376\377\0003\000.\0001\0007\000.\0001\000.\0001\000\040\000W\000G\000M\0000\0000}{subsection.3.17.1}% 122
\BOOKMARK [3][-]{subsubsection.3.17.1.2}{\376\377\0003\000.\0001\0007\000.\0001\000.\0002\000\040\000W\000G\000M\0000\0001}{subsection.3.17.1}% 123
\BOOKMARK [2][-]{subsection.3.17.2}{\376\377\0003\000.\0001\0007\000.\0002\000\040\000T\000y\000p\000e\000d\000e\000f\000\040\000D\000o\000c\000u\000m\000e\000n\000t\000a\000t\000i\000o\000n}{section.3.17}% 124
\BOOKMARK [3][-]{subsubsection.3.17.2.1}{\376\377\0003\000.\0001\0007\000.\0002\000.\0001\000\040\000c\000l\000k\000\137\000s\000o\000u\000r\000c\000e\000\137\000T\0000}{subsection.3.17.2}% 125
\BOOKMARK [3][-]{subsubsection.3.17.2.2}{\376\377\0003\000.\0001\0007\000.\0002\000.\0002\000\040\000C\000O\000M\000\137\000M\000o\000d\000e}{subsection.3.17.2}% 126
\BOOKMARK [3][-]{subsubsection.3.17.2.3}{\376\377\0003\000.\0001\0007\000.\0002\000.\0003\000\040\000T\000i\000m\000e\000r\000\137\000M\000o\000d\000e}{subsection.3.17.2}% 127
\BOOKMARK [2][-]{subsection.3.17.3}{\376\377\0003\000.\0001\0007\000.\0003\000\040\000E\000n\000u\000m\000e\000r\000a\000t\000i\000o\000n\000\040\000T\000y\000p\000e\000\040\000D\000o\000c\000u\000m\000e\000n\000t\000a\000t\000i\000o\000n}{section.3.17}% 128
\BOOKMARK [3][-]{subsubsection.3.17.3.1}{\376\377\0003\000.\0001\0007\000.\0003\000.\0001\000\040\000c\000l\000k\000\137\000s\000o\000u\000r\000c\000e\000\137\000T\0000}{subsection.3.17.3}% 129
\BOOKMARK [3][-]{subsubsection.3.17.3.2}{\376\377\0003\000.\0001\0007\000.\0003\000.\0002\000\040\000C\000O\000M\000\137\000M\000o\000d\000e}{subsection.3.17.3}% 130
\BOOKMARK [3][-]{subsubsection.3.17.3.3}{\376\377\0003\000.\0001\0007\000.\0003\000.\0003\000\040\000T\000i\000m\000e\000r\000\137\000M\000o\000d\000e}{subsection.3.17.3}% 131
\BOOKMARK [2][-]{subsection.3.17.4}{\376\377\0003\000.\0001\0007\000.\0004\000\040\000F\000u\000n\000c\000t\000i\000o\000n\000\040\000D\000o\000c\000u\000m\000e\000n\000t\000a\000t\000i\000o\000n}{section.3.17}% 132
\BOOKMARK [3][-]{subsubsection.3.17.4.1}{\376\377\0003\000.\0001\0007\000.\0004\000.\0001\000\040\000t\000i\000m\000e\000r\0000\000\137\000I\000n\000i\000t\000\050\000\051}{subsection.3.17.4}% 133
\BOOKMARK [3][-]{subsubsection.3.17.4.2}{\376\377\0003\000.\0001\0007\000.\0004\000.\0002\000\040\000t\000i\000m\000e\000r\0000\000\137\000s\000t\000a\000r\000t\000\050\000\051}{subsection.3.17.4}% 134
\BOOKMARK [3][-]{subsubsection.3.17.4.3}{\376\377\0003\000.\0001\0007\000.\0004\000.\0003\000\040\000t\000i\000m\000e\000r\0000\000\137\000s\000t\000o\000p\000\050\000\051}{subsection.3.17.4}% 135
\BOOKMARK [1][-]{section.3.18}{\376\377\0003\000.\0001\0008\000\040\000t\000i\000m\000e\000r\000.\000h}{chapter.3}% 136
\BOOKMARK [1][-]{section.3.19}{\376\377\0003\000.\0001\0009\000\040\000R\000e\000g\000i\000s\000t\000e\000r\000s\000.\000h\000\040\000F\000i\000l\000e\000\040\000R\000e\000f\000e\000r\000e\000n\000c\000e}{chapter.3}% 137
\BOOKMARK [2][-]{subsection.3.19.1}{\376\377\0003\000.\0001\0009\000.\0001\000\040\000M\000a\000c\000r\000o\000\040\000D\000e\000f\000i\000n\000i\000t\000i\000o\000n\000\040\000D\000o\000c\000u\000m\000e\000n\000t\000a\000t\000i\000o\000n}{section.3.19}% 138
\BOOKMARK [3][-]{subsubsection.3.19.1.1}{\376\377\0003\000.\0001\0009\000.\0001\000.\0001\000\040\000b\000i\000t\000c\000l\000e\000a\000r}{subsection.3.19.1}% 139
\BOOKMARK [3][-]{subsubsection.3.19.1.2}{\376\377\0003\000.\0001\0009\000.\0001\000.\0002\000\040\000b\000i\000t\000f\000l\000i\000p}{subsection.3.19.1}% 140
\BOOKMARK [3][-]{subsubsection.3.19.1.3}{\376\377\0003\000.\0001\0009\000.\0001\000.\0003\000\040\000b\000i\000t\000R\000e\000a\000d}{subsection.3.19.1}% 141
\BOOKMARK [3][-]{subsubsection.3.19.1.4}{\376\377\0003\000.\0001\0009\000.\0001\000.\0004\000\040\000b\000i\000t\000s\000e\000t}{subsection.3.19.1}% 142
\BOOKMARK [3][-]{subsubsection.3.19.1.5}{\376\377\0003\000.\0001\0009\000.\0001\000.\0005\000\040\000D\000D\000R\000A}{subsection.3.19.1}% 143
\BOOKMARK [3][-]{subsubsection.3.19.1.6}{\376\377\0003\000.\0001\0009\000.\0001\000.\0006\000\040\000D\000D\000R\000B}{subsection.3.19.1}% 144
\BOOKMARK [3][-]{subsubsection.3.19.1.7}{\376\377\0003\000.\0001\0009\000.\0001\000.\0007\000\040\000D\000D\000R\000C}{subsection.3.19.1}% 145
\BOOKMARK [3][-]{subsubsection.3.19.1.8}{\376\377\0003\000.\0001\0009\000.\0001\000.\0008\000\040\000D\000D\000R\000D}{subsection.3.19.1}% 146
\BOOKMARK [3][-]{subsubsection.3.19.1.9}{\376\377\0003\000.\0001\0009\000.\0001\000.\0009\000\040\000G\000I\000C\000R}{subsection.3.19.1}% 147
\BOOKMARK [3][-]{subsubsection.3.19.1.10}{\376\377\0003\000.\0001\0009\000.\0001\000.\0001\0000\000\040\000G\000I\000F\000R}{subsection.3.19.1}% 148
\BOOKMARK [3][-]{subsubsection.3.19.1.11}{\376\377\0003\000.\0001\0009\000.\0001\000.\0001\0001\000\040\000I\000N\000T\0000}{subsection.3.19.1}% 149
\BOOKMARK [3][-]{subsubsection.3.19.1.12}{\376\377\0003\000.\0001\0009\000.\0001\000.\0001\0002\000\040\000I\000S\000C\0000\0000}{subsection.3.19.1}% 150
\BOOKMARK [3][-]{subsubsection.3.19.1.13}{\376\377\0003\000.\0001\0009\000.\0001\000.\0001\0003\000\040\000I\000S\000C\0000\0001}{subsection.3.19.1}% 151
\BOOKMARK [3][-]{subsubsection.3.19.1.14}{\376\377\0003\000.\0001\0009\000.\0001\000.\0001\0004\000\040\000M\000C\000U\000C\000R}{subsection.3.19.1}% 152
\BOOKMARK [3][-]{subsubsection.3.19.1.15}{\376\377\0003\000.\0001\0009\000.\0001\000.\0001\0005\000\040\000M\000C\000U\000C\000S\000R}{subsection.3.19.1}% 153
\BOOKMARK [3][-]{subsubsection.3.19.1.16}{\376\377\0003\000.\0001\0009\000.\0001\000.\0001\0006\000\040\000O\000C\000R\0000}{subsection.3.19.1}% 154
\BOOKMARK [3][-]{subsubsection.3.19.1.17}{\376\377\0003\000.\0001\0009\000.\0001\000.\0001\0007\000\040\000O\000C\000R\0002}{subsection.3.19.1}% 155
\BOOKMARK [3][-]{subsubsection.3.19.1.18}{\376\377\0003\000.\0001\0009\000.\0001\000.\0001\0008\000\040\000P\000I\000N\0000}{subsection.3.19.1}% 156
\BOOKMARK [3][-]{subsubsection.3.19.1.19}{\376\377\0003\000.\0001\0009\000.\0001\000.\0001\0009\000\040\000P\000I\000N\0001}{subsection.3.19.1}% 157
\BOOKMARK [3][-]{subsubsection.3.19.1.20}{\376\377\0003\000.\0001\0009\000.\0001\000.\0002\0000\000\040\000P\000I\000N\0002}{subsection.3.19.1}% 158
\BOOKMARK [3][-]{subsubsection.3.19.1.21}{\376\377\0003\000.\0001\0009\000.\0001\000.\0002\0001\000\040\000P\000I\000N\0003}{subsection.3.19.1}% 159
\BOOKMARK [3][-]{subsubsection.3.19.1.22}{\376\377\0003\000.\0001\0009\000.\0001\000.\0002\0002\000\040\000P\000I\000N\0004}{subsection.3.19.1}% 160
\BOOKMARK [3][-]{subsubsection.3.19.1.23}{\376\377\0003\000.\0001\0009\000.\0001\000.\0002\0003\000\040\000P\000I\000N\0005}{subsection.3.19.1}% 161
\BOOKMARK [3][-]{subsubsection.3.19.1.24}{\376\377\0003\000.\0001\0009\000.\0001\000.\0002\0004\000\040\000P\000I\000N\0006}{subsection.3.19.1}% 162
\BOOKMARK [3][-]{subsubsection.3.19.1.25}{\376\377\0003\000.\0001\0009\000.\0001\000.\0002\0005\000\040\000P\000I\000N\0007}{subsection.3.19.1}% 163
\BOOKMARK [3][-]{subsubsection.3.19.1.26}{\376\377\0003\000.\0001\0009\000.\0001\000.\0002\0006\000\040\000P\000I\000N\000A}{subsection.3.19.1}% 164
\BOOKMARK [3][-]{subsubsection.3.19.1.27}{\376\377\0003\000.\0001\0009\000.\0001\000.\0002\0007\000\040\000P\000I\000N\000B}{subsection.3.19.1}% 165
\BOOKMARK [3][-]{subsubsection.3.19.1.28}{\376\377\0003\000.\0001\0009\000.\0001\000.\0002\0008\000\040\000P\000I\000N\000C}{subsection.3.19.1}% 166
\BOOKMARK [3][-]{subsubsection.3.19.1.29}{\376\377\0003\000.\0001\0009\000.\0001\000.\0002\0009\000\040\000P\000I\000N\000D}{subsection.3.19.1}% 167
\BOOKMARK [3][-]{subsubsection.3.19.1.30}{\376\377\0003\000.\0001\0009\000.\0001\000.\0003\0000\000\040\000P\000O\000R\000T\000A}{subsection.3.19.1}% 168
\BOOKMARK [3][-]{subsubsection.3.19.1.31}{\376\377\0003\000.\0001\0009\000.\0001\000.\0003\0001\000\040\000P\000O\000R\000T\000B}{subsection.3.19.1}% 169
\BOOKMARK [3][-]{subsubsection.3.19.1.32}{\376\377\0003\000.\0001\0009\000.\0001\000.\0003\0002\000\040\000P\000O\000R\000T\000C}{subsection.3.19.1}% 170
\BOOKMARK [3][-]{subsubsection.3.19.1.33}{\376\377\0003\000.\0001\0009\000.\0001\000.\0003\0003\000\040\000P\000O\000R\000T\000D}{subsection.3.19.1}% 171
\BOOKMARK [3][-]{subsubsection.3.19.1.34}{\376\377\0003\000.\0001\0009\000.\0001\000.\0003\0004\000\040\000S\000R\000E\000G}{subsection.3.19.1}% 172
\BOOKMARK [3][-]{subsubsection.3.19.1.35}{\376\377\0003\000.\0001\0009\000.\0001\000.\0003\0005\000\040\000T\000C\000C\000R\0000}{subsection.3.19.1}% 173
\BOOKMARK [3][-]{subsubsection.3.19.1.36}{\376\377\0003\000.\0001\0009\000.\0001\000.\0003\0006\000\040\000T\000C\000C\000R\0002}{subsection.3.19.1}% 174
\BOOKMARK [3][-]{subsubsection.3.19.1.37}{\376\377\0003\000.\0001\0009\000.\0001\000.\0003\0007\000\040\000T\000C\000N\000T\0000}{subsection.3.19.1}% 175
\BOOKMARK [3][-]{subsubsection.3.19.1.38}{\376\377\0003\000.\0001\0009\000.\0001\000.\0003\0008\000\040\000T\000C\000N\000T\0002}{subsection.3.19.1}% 176
\BOOKMARK [3][-]{subsubsection.3.19.1.39}{\376\377\0003\000.\0001\0009\000.\0001\000.\0003\0009\000\040\000T\000I\000F\000R}{subsection.3.19.1}% 177
\BOOKMARK [1][-]{section.3.20}{\376\377\0003\000.\0002\0000\000\040\000R\000e\000g\000i\000s\000t\000e\000r\000s\000.\000h}{chapter.3}% 178
\BOOKMARK [1][-]{section.3.21}{\376\377\0003\000.\0002\0001\000\040\000S\000e\000r\000v\000i\000c\000e\000/\000D\000e\000l\000a\000y\000/\000d\000e\000l\000a\000y\000\137\000m\000s\000.\000c\000\040\000F\000i\000l\000e\000\040\000R\000e\000f\000e\000r\000e\000n\000c\000e}{chapter.3}% 179
\BOOKMARK [2][-]{subsection.3.21.1}{\376\377\0003\000.\0002\0001\000.\0001\000\040\000D\000e\000t\000a\000i\000l\000e\000d\000\040\000D\000e\000s\000c\000r\000i\000p\000t\000i\000o\000n}{section.3.21}% 180
\BOOKMARK [2][-]{subsection.3.21.2}{\376\377\0003\000.\0002\0001\000.\0002\000\040\000F\000u\000n\000c\000t\000i\000o\000n\000\040\000D\000o\000c\000u\000m\000e\000n\000t\000a\000t\000i\000o\000n}{section.3.21}% 181
\BOOKMARK [3][-]{subsubsection.3.21.2.1}{\376\377\0003\000.\0002\0001\000.\0002\000.\0001\000\040\000d\000e\000l\000a\000y\000\137\000i\000n\000i\000t\000\137\0000\000\050\000\051}{subsection.3.21.2}% 182
\BOOKMARK [3][-]{subsubsection.3.21.2.2}{\376\377\0003\000.\0002\0001\000.\0002\000.\0002\000\040\000d\000e\000l\000a\000y\000\137\000m\000s\000\137\0000\000\050\000\051}{subsection.3.21.2}% 183
\BOOKMARK [1][-]{section.3.22}{\376\377\0003\000.\0002\0002\000\040\000S\000e\000r\000v\000i\000c\000e\000/\000D\000e\000l\000a\000y\000/\000d\000e\000l\000a\000y\000\137\000m\000s\000.\000h\000\040\000F\000i\000l\000e\000\040\000R\000e\000f\000e\000r\000e\000n\000c\000e}{chapter.3}% 184
\BOOKMARK [2][-]{subsection.3.22.1}{\376\377\0003\000.\0002\0002\000.\0001\000\040\000F\000u\000n\000c\000t\000i\000o\000n\000\040\000D\000o\000c\000u\000m\000e\000n\000t\000a\000t\000i\000o\000n}{section.3.22}% 185
\BOOKMARK [3][-]{subsubsection.3.22.1.1}{\376\377\0003\000.\0002\0002\000.\0001\000.\0001\000\040\000d\000e\000l\000a\000y\000\137\000i\000n\000i\000t\000\137\0000\000\050\000\051}{subsection.3.22.1}% 186
\BOOKMARK [3][-]{subsubsection.3.22.1.2}{\376\377\0003\000.\0002\0002\000.\0001\000.\0002\000\040\000d\000e\000l\000a\000y\000\137\000m\000s\000\137\0000\000\050\000\051}{subsection.3.22.1}% 187
\BOOKMARK [3][-]{subsubsection.3.22.1.3}{\376\377\0003\000.\0002\0002\000.\0001\000.\0003\000\040\000S\000t\000o\000p\000\137\000d\000e\000l\000a\000y\000\050\000\051}{subsection.3.22.1}% 188
\BOOKMARK [1][-]{section.3.23}{\376\377\0003\000.\0002\0003\000\040\000d\000e\000l\000a\000y\000\137\000m\000s\000.\000h}{chapter.3}% 189
\BOOKMARK [1][-]{section.3.24}{\376\377\0003\000.\0002\0004\000\040\000T\000e\000s\000t\000\137\000D\000i\000o\000.\000c\000\040\000F\000i\000l\000e\000\040\000R\000e\000f\000e\000r\000e\000n\000c\000e}{chapter.3}% 190
\BOOKMARK [2][-]{subsection.3.24.1}{\376\377\0003\000.\0002\0004\000.\0001\000\040\000D\000e\000t\000a\000i\000l\000e\000d\000\040\000D\000e\000s\000c\000r\000i\000p\000t\000i\000o\000n}{section.3.24}% 191
\BOOKMARK [2][-]{subsection.3.24.2}{\376\377\0003\000.\0002\0004\000.\0002\000\040\000F\000u\000n\000c\000t\000i\000o\000n\000\040\000D\000o\000c\000u\000m\000e\000n\000t\000a\000t\000i\000o\000n}{section.3.24}% 192
\BOOKMARK [3][-]{subsubsection.3.24.2.1}{\376\377\0003\000.\0002\0004\000.\0002\000.\0001\000\040\000T\000R\000A\000F\000F\000\137\000D\000I\000O\000\137\0000\0000\0001\000\050\000\051}{subsection.3.24.2}% 193
\BOOKMARK [3][-]{subsubsection.3.24.2.2}{\376\377\0003\000.\0002\0004\000.\0002\000.\0002\000\040\000T\000R\000A\000F\000F\000\137\000D\000I\000O\000\137\0000\0000\0002\000\050\000\051}{subsection.3.24.2}% 194
\BOOKMARK [3][-]{subsubsection.3.24.2.3}{\376\377\0003\000.\0002\0004\000.\0002\000.\0003\000\040\000T\000R\000A\000F\000F\000\137\000D\000I\000O\000\137\0000\0000\0003\000\050\000\051}{subsection.3.24.2}% 195
\BOOKMARK [3][-]{subsubsection.3.24.2.4}{\376\377\0003\000.\0002\0004\000.\0002\000.\0004\000\040\000T\000R\000A\000F\000F\000\137\000D\000I\000O\000\137\0000\0000\0004\000\050\000\051}{subsection.3.24.2}% 196
\BOOKMARK [3][-]{subsubsection.3.24.2.5}{\376\377\0003\000.\0002\0004\000.\0002\000.\0005\000\040\000T\000R\000A\000F\000F\000\137\000D\000I\000O\000\137\0000\0000\0005\000\050\000\051}{subsection.3.24.2}% 197
\BOOKMARK [3][-]{subsubsection.3.24.2.6}{\376\377\0003\000.\0002\0004\000.\0002\000.\0006\000\040\000T\000R\000A\000F\000F\000\137\000D\000I\000O\000\137\0000\0000\0006\000\050\000\051}{subsection.3.24.2}% 198
\BOOKMARK [3][-]{subsubsection.3.24.2.7}{\376\377\0003\000.\0002\0004\000.\0002\000.\0007\000\040\000T\000R\000A\000F\000F\000\137\000D\000I\000O\000\137\0000\0000\0007\000\050\000\051}{subsection.3.24.2}% 199
\BOOKMARK [3][-]{subsubsection.3.24.2.8}{\376\377\0003\000.\0002\0004\000.\0002\000.\0008\000\040\000T\000R\000A\000F\000F\000\137\000D\000I\000O\000\137\0000\0000\0008\000\050\000\051}{subsection.3.24.2}% 200
\BOOKMARK [3][-]{subsubsection.3.24.2.9}{\376\377\0003\000.\0002\0004\000.\0002\000.\0009\000\040\000T\000R\000A\000F\000F\000\137\000D\000I\000O\000\137\0000\0000\0009\000\050\000\051}{subsection.3.24.2}% 201
\BOOKMARK [3][-]{subsubsection.3.24.2.10}{\376\377\0003\000.\0002\0004\000.\0002\000.\0001\0000\000\040\000T\000R\000A\000F\000F\000\137\000D\000I\000O\000\137\0000\0001\0000\000\050\000\051}{subsection.3.24.2}% 202
\BOOKMARK [3][-]{subsubsection.3.24.2.11}{\376\377\0003\000.\0002\0004\000.\0002\000.\0001\0001\000\040\000T\000R\000A\000F\000F\000\137\000D\000I\000O\000\137\0000\0001\0001\000\050\000\051}{subsection.3.24.2}% 203
\BOOKMARK [3][-]{subsubsection.3.24.2.12}{\376\377\0003\000.\0002\0004\000.\0002\000.\0001\0002\000\040\000T\000R\000A\000F\000F\000\137\000D\000I\000O\000\137\0000\0001\0002\000\050\000\051}{subsection.3.24.2}% 204
\BOOKMARK [3][-]{subsubsection.3.24.2.13}{\376\377\0003\000.\0002\0004\000.\0002\000.\0001\0003\000\040\000T\000R\000A\000F\000F\000\137\000D\000I\000O\000\137\0000\0001\0003\000\050\000\051}{subsection.3.24.2}% 205
\BOOKMARK [3][-]{subsubsection.3.24.2.14}{\376\377\0003\000.\0002\0004\000.\0002\000.\0001\0004\000\040\000T\000R\000A\000F\000F\000\137\000D\000I\000O\000\137\0000\0001\0004\000\050\000\051}{subsection.3.24.2}% 206
\BOOKMARK [3][-]{subsubsection.3.24.2.15}{\376\377\0003\000.\0002\0004\000.\0002\000.\0001\0005\000\040\000T\000R\000A\000F\000F\000\137\000D\000I\000O\000\137\0000\0001\0005\000\050\000\051}{subsection.3.24.2}% 207
\BOOKMARK [3][-]{subsubsection.3.24.2.16}{\376\377\0003\000.\0002\0004\000.\0002\000.\0001\0006\000\040\000T\000R\000A\000F\000F\000\137\000D\000I\000O\000\137\0000\0001\0006\000\050\000\051}{subsection.3.24.2}% 208
\BOOKMARK [3][-]{subsubsection.3.24.2.17}{\376\377\0003\000.\0002\0004\000.\0002\000.\0001\0007\000\040\000T\000R\000A\000F\000F\000\137\000D\000I\000O\000\137\0000\0001\0007\000\050\000\051}{subsection.3.24.2}% 209
\BOOKMARK [3][-]{subsubsection.3.24.2.18}{\376\377\0003\000.\0002\0004\000.\0002\000.\0001\0008\000\040\000T\000R\000A\000F\000F\000\137\000D\000I\000O\000\137\0000\0001\0008\000\050\000\051}{subsection.3.24.2}% 210
\BOOKMARK [3][-]{subsubsection.3.24.2.19}{\376\377\0003\000.\0002\0004\000.\0002\000.\0001\0009\000\040\000T\000R\000A\000F\000F\000\137\000D\000I\000O\000\137\0000\0001\0009\000\050\000\051}{subsection.3.24.2}% 211
\BOOKMARK [3][-]{subsubsection.3.24.2.20}{\376\377\0003\000.\0002\0004\000.\0002\000.\0002\0000\000\040\000T\000R\000A\000F\000F\000\137\000D\000I\000O\000\137\0000\0002\0000\000\050\000\051}{subsection.3.24.2}% 212
\BOOKMARK [3][-]{subsubsection.3.24.2.21}{\376\377\0003\000.\0002\0004\000.\0002\000.\0002\0001\000\040\000T\000R\000A\000F\000F\000\137\000D\000I\000O\000\137\0000\0002\0001\000\050\000\051}{subsection.3.24.2}% 213
\BOOKMARK [3][-]{subsubsection.3.24.2.22}{\376\377\0003\000.\0002\0004\000.\0002\000.\0002\0002\000\040\000T\000R\000A\000F\000F\000\137\000D\000I\000O\000\137\0000\0002\0002\000\050\000\051}{subsection.3.24.2}% 214
\BOOKMARK [3][-]{subsubsection.3.24.2.23}{\376\377\0003\000.\0002\0004\000.\0002\000.\0002\0003\000\040\000T\000R\000A\000F\000F\000\137\000D\000I\000O\000\137\0000\0002\0003\000\050\000\051}{subsection.3.24.2}% 215
\BOOKMARK [3][-]{subsubsection.3.24.2.24}{\376\377\0003\000.\0002\0004\000.\0002\000.\0002\0004\000\040\000T\000R\000A\000F\000F\000\137\000D\000I\000O\000\137\0000\0002\0004\000\050\000\051}{subsection.3.24.2}% 216
\BOOKMARK [3][-]{subsubsection.3.24.2.25}{\376\377\0003\000.\0002\0004\000.\0002\000.\0002\0005\000\040\000T\000R\000A\000F\000F\000\137\000D\000I\000O\000\137\0000\0002\0005\000\050\000\051}{subsection.3.24.2}% 217
\BOOKMARK [3][-]{subsubsection.3.24.2.26}{\376\377\0003\000.\0002\0004\000.\0002\000.\0002\0006\000\040\000T\000R\000A\000F\000F\000\137\000D\000I\000O\000\137\0000\0002\0006\000\050\000\051}{subsection.3.24.2}% 218
\BOOKMARK [3][-]{subsubsection.3.24.2.27}{\376\377\0003\000.\0002\0004\000.\0002\000.\0002\0007\000\040\000T\000R\000A\000F\000F\000\137\000D\000I\000O\000\137\0000\0002\0007\000\050\000\051}{subsection.3.24.2}% 219
\BOOKMARK [3][-]{subsubsection.3.24.2.28}{\376\377\0003\000.\0002\0004\000.\0002\000.\0002\0008\000\040\000T\000R\000A\000F\000F\000\137\000D\000I\000O\000\137\0000\0002\0008\000\050\000\051}{subsection.3.24.2}% 220
\BOOKMARK [3][-]{subsubsection.3.24.2.29}{\376\377\0003\000.\0002\0004\000.\0002\000.\0002\0009\000\040\000T\000R\000A\000F\000F\000\137\000D\000I\000O\000\137\0000\0002\0009\000\050\000\051}{subsection.3.24.2}% 221
\BOOKMARK [3][-]{subsubsection.3.24.2.30}{\376\377\0003\000.\0002\0004\000.\0002\000.\0003\0000\000\040\000T\000R\000A\000F\000F\000\137\000D\000I\000O\000\137\0000\0003\0000\000\050\000\051}{subsection.3.24.2}% 222
\BOOKMARK [3][-]{subsubsection.3.24.2.31}{\376\377\0003\000.\0002\0004\000.\0002\000.\0003\0001\000\040\000T\000R\000A\000F\000F\000\137\000D\000I\000O\000\137\0000\0003\0001\000\050\000\051}{subsection.3.24.2}% 223
\BOOKMARK [3][-]{subsubsection.3.24.2.32}{\376\377\0003\000.\0002\0004\000.\0002\000.\0003\0002\000\040\000T\000R\000A\000F\000F\000\137\000D\000I\000O\000\137\0000\0003\0002\000\050\000\051}{subsection.3.24.2}% 224
\BOOKMARK [3][-]{subsubsection.3.24.2.33}{\376\377\0003\000.\0002\0004\000.\0002\000.\0003\0003\000\040\000T\000R\000A\000F\000F\000\137\000D\000I\000O\000\137\0000\0003\0003\000\050\000\051}{subsection.3.24.2}% 225
\BOOKMARK [3][-]{subsubsection.3.24.2.34}{\376\377\0003\000.\0002\0004\000.\0002\000.\0003\0004\000\040\000T\000R\000A\000F\000F\000\137\000D\000I\000O\000\137\0000\0003\0004\000\050\000\051}{subsection.3.24.2}% 226
\BOOKMARK [3][-]{subsubsection.3.24.2.35}{\376\377\0003\000.\0002\0004\000.\0002\000.\0003\0005\000\040\000T\000R\000A\000F\000F\000\137\000D\000I\000O\000\137\0000\0003\0005\000\050\000\051}{subsection.3.24.2}% 227
\BOOKMARK [1][-]{section.3.25}{\376\377\0003\000.\0002\0005\000\040\000T\000e\000s\000t\000\137\000D\000i\000o\000.\000h\000\040\000F\000i\000l\000e\000\040\000R\000e\000f\000e\000r\000e\000n\000c\000e}{chapter.3}% 228
\BOOKMARK [2][-]{subsection.3.25.1}{\376\377\0003\000.\0002\0005\000.\0001\000\040\000M\000a\000c\000r\000o\000\040\000D\000e\000f\000i\000n\000i\000t\000i\000o\000n\000\040\000D\000o\000c\000u\000m\000e\000n\000t\000a\000t\000i\000o\000n}{section.3.25}% 229
\BOOKMARK [3][-]{subsubsection.3.25.1.1}{\376\377\0003\000.\0002\0005\000.\0001\000.\0001\000\040\000P\000O\000R\000T\000\137\000E}{subsection.3.25.1}% 230
\BOOKMARK [2][-]{subsection.3.25.2}{\376\377\0003\000.\0002\0005\000.\0002\000\040\000F\000u\000n\000c\000t\000i\000o\000n\000\040\000D\000o\000c\000u\000m\000e\000n\000t\000a\000t\000i\000o\000n}{section.3.25}% 231
\BOOKMARK [3][-]{subsubsection.3.25.2.1}{\376\377\0003\000.\0002\0005\000.\0002\000.\0001\000\040\000T\000R\000A\000F\000F\000\137\000D\000I\000O\000\137\0000\0000\0001\000\050\000\051}{subsection.3.25.2}% 232
\BOOKMARK [3][-]{subsubsection.3.25.2.2}{\376\377\0003\000.\0002\0005\000.\0002\000.\0002\000\040\000T\000R\000A\000F\000F\000\137\000D\000I\000O\000\137\0000\0000\0002\000\050\000\051}{subsection.3.25.2}% 233
\BOOKMARK [3][-]{subsubsection.3.25.2.3}{\376\377\0003\000.\0002\0005\000.\0002\000.\0003\000\040\000T\000R\000A\000F\000F\000\137\000D\000I\000O\000\137\0000\0000\0003\000\050\000\051}{subsection.3.25.2}% 234
\BOOKMARK [3][-]{subsubsection.3.25.2.4}{\376\377\0003\000.\0002\0005\000.\0002\000.\0004\000\040\000T\000R\000A\000F\000F\000\137\000D\000I\000O\000\137\0000\0000\0004\000\050\000\051}{subsection.3.25.2}% 235
\BOOKMARK [3][-]{subsubsection.3.25.2.5}{\376\377\0003\000.\0002\0005\000.\0002\000.\0005\000\040\000T\000R\000A\000F\000F\000\137\000D\000I\000O\000\137\0000\0000\0005\000\050\000\051}{subsection.3.25.2}% 236
\BOOKMARK [3][-]{subsubsection.3.25.2.6}{\376\377\0003\000.\0002\0005\000.\0002\000.\0006\000\040\000T\000R\000A\000F\000F\000\137\000D\000I\000O\000\137\0000\0000\0006\000\050\000\051}{subsection.3.25.2}% 237
\BOOKMARK [3][-]{subsubsection.3.25.2.7}{\376\377\0003\000.\0002\0005\000.\0002\000.\0007\000\040\000T\000R\000A\000F\000F\000\137\000D\000I\000O\000\137\0000\0000\0007\000\050\000\051}{subsection.3.25.2}% 238
\BOOKMARK [3][-]{subsubsection.3.25.2.8}{\376\377\0003\000.\0002\0005\000.\0002\000.\0008\000\040\000T\000R\000A\000F\000F\000\137\000D\000I\000O\000\137\0000\0000\0008\000\050\000\051}{subsection.3.25.2}% 239
\BOOKMARK [3][-]{subsubsection.3.25.2.9}{\376\377\0003\000.\0002\0005\000.\0002\000.\0009\000\040\000T\000R\000A\000F\000F\000\137\000D\000I\000O\000\137\0000\0000\0009\000\050\000\051}{subsection.3.25.2}% 240
\BOOKMARK [3][-]{subsubsection.3.25.2.10}{\376\377\0003\000.\0002\0005\000.\0002\000.\0001\0000\000\040\000T\000R\000A\000F\000F\000\137\000D\000I\000O\000\137\0000\0001\0000\000\050\000\051}{subsection.3.25.2}% 241
\BOOKMARK [3][-]{subsubsection.3.25.2.11}{\376\377\0003\000.\0002\0005\000.\0002\000.\0001\0001\000\040\000T\000R\000A\000F\000F\000\137\000D\000I\000O\000\137\0000\0001\0001\000\050\000\051}{subsection.3.25.2}% 242
\BOOKMARK [3][-]{subsubsection.3.25.2.12}{\376\377\0003\000.\0002\0005\000.\0002\000.\0001\0002\000\040\000T\000R\000A\000F\000F\000\137\000D\000I\000O\000\137\0000\0001\0002\000\050\000\051}{subsection.3.25.2}% 243
\BOOKMARK [3][-]{subsubsection.3.25.2.13}{\376\377\0003\000.\0002\0005\000.\0002\000.\0001\0003\000\040\000T\000R\000A\000F\000F\000\137\000D\000I\000O\000\137\0000\0001\0003\000\050\000\051}{subsection.3.25.2}% 244
\BOOKMARK [3][-]{subsubsection.3.25.2.14}{\376\377\0003\000.\0002\0005\000.\0002\000.\0001\0004\000\040\000T\000R\000A\000F\000F\000\137\000D\000I\000O\000\137\0000\0001\0004\000\050\000\051}{subsection.3.25.2}% 245
\BOOKMARK [3][-]{subsubsection.3.25.2.15}{\376\377\0003\000.\0002\0005\000.\0002\000.\0001\0005\000\040\000T\000R\000A\000F\000F\000\137\000D\000I\000O\000\137\0000\0001\0005\000\050\000\051}{subsection.3.25.2}% 246
\BOOKMARK [3][-]{subsubsection.3.25.2.16}{\376\377\0003\000.\0002\0005\000.\0002\000.\0001\0006\000\040\000T\000R\000A\000F\000F\000\137\000D\000I\000O\000\137\0000\0001\0006\000\050\000\051}{subsection.3.25.2}% 247
\BOOKMARK [3][-]{subsubsection.3.25.2.17}{\376\377\0003\000.\0002\0005\000.\0002\000.\0001\0007\000\040\000T\000R\000A\000F\000F\000\137\000D\000I\000O\000\137\0000\0001\0007\000\050\000\051}{subsection.3.25.2}% 248
\BOOKMARK [3][-]{subsubsection.3.25.2.18}{\376\377\0003\000.\0002\0005\000.\0002\000.\0001\0008\000\040\000T\000R\000A\000F\000F\000\137\000D\000I\000O\000\137\0000\0001\0008\000\050\000\051}{subsection.3.25.2}% 249
\BOOKMARK [3][-]{subsubsection.3.25.2.19}{\376\377\0003\000.\0002\0005\000.\0002\000.\0001\0009\000\040\000T\000R\000A\000F\000F\000\137\000D\000I\000O\000\137\0000\0001\0009\000\050\000\051}{subsection.3.25.2}% 250
\BOOKMARK [3][-]{subsubsection.3.25.2.20}{\376\377\0003\000.\0002\0005\000.\0002\000.\0002\0000\000\040\000T\000R\000A\000F\000F\000\137\000D\000I\000O\000\137\0000\0002\0000\000\050\000\051}{subsection.3.25.2}% 251
\BOOKMARK [3][-]{subsubsection.3.25.2.21}{\376\377\0003\000.\0002\0005\000.\0002\000.\0002\0001\000\040\000T\000R\000A\000F\000F\000\137\000D\000I\000O\000\137\0000\0002\0001\000\050\000\051}{subsection.3.25.2}% 252
\BOOKMARK [3][-]{subsubsection.3.25.2.22}{\376\377\0003\000.\0002\0005\000.\0002\000.\0002\0002\000\040\000T\000R\000A\000F\000F\000\137\000D\000I\000O\000\137\0000\0002\0002\000\050\000\051}{subsection.3.25.2}% 253
\BOOKMARK [3][-]{subsubsection.3.25.2.23}{\376\377\0003\000.\0002\0005\000.\0002\000.\0002\0003\000\040\000T\000R\000A\000F\000F\000\137\000D\000I\000O\000\137\0000\0002\0003\000\050\000\051}{subsection.3.25.2}% 254
\BOOKMARK [3][-]{subsubsection.3.25.2.24}{\376\377\0003\000.\0002\0005\000.\0002\000.\0002\0004\000\040\000T\000R\000A\000F\000F\000\137\000D\000I\000O\000\137\0000\0002\0004\000\050\000\051}{subsection.3.25.2}% 255
\BOOKMARK [3][-]{subsubsection.3.25.2.25}{\376\377\0003\000.\0002\0005\000.\0002\000.\0002\0005\000\040\000T\000R\000A\000F\000F\000\137\000D\000I\000O\000\137\0000\0002\0005\000\050\000\051}{subsection.3.25.2}% 256
\BOOKMARK [3][-]{subsubsection.3.25.2.26}{\376\377\0003\000.\0002\0005\000.\0002\000.\0002\0006\000\040\000T\000R\000A\000F\000F\000\137\000D\000I\000O\000\137\0000\0002\0006\000\050\000\051}{subsection.3.25.2}% 257
\BOOKMARK [3][-]{subsubsection.3.25.2.27}{\376\377\0003\000.\0002\0005\000.\0002\000.\0002\0007\000\040\000T\000R\000A\000F\000F\000\137\000D\000I\000O\000\137\0000\0002\0007\000\050\000\051}{subsection.3.25.2}% 258
\BOOKMARK [3][-]{subsubsection.3.25.2.28}{\376\377\0003\000.\0002\0005\000.\0002\000.\0002\0008\000\040\000T\000R\000A\000F\000F\000\137\000D\000I\000O\000\137\0000\0002\0008\000\050\000\051}{subsection.3.25.2}% 259
\BOOKMARK [3][-]{subsubsection.3.25.2.29}{\376\377\0003\000.\0002\0005\000.\0002\000.\0002\0009\000\040\000T\000R\000A\000F\000F\000\137\000D\000I\000O\000\137\0000\0002\0009\000\050\000\051}{subsection.3.25.2}% 260
\BOOKMARK [3][-]{subsubsection.3.25.2.30}{\376\377\0003\000.\0002\0005\000.\0002\000.\0003\0000\000\040\000T\000R\000A\000F\000F\000\137\000D\000I\000O\000\137\0000\0003\0000\000\050\000\051}{subsection.3.25.2}% 261
\BOOKMARK [3][-]{subsubsection.3.25.2.31}{\376\377\0003\000.\0002\0005\000.\0002\000.\0003\0001\000\040\000T\000R\000A\000F\000F\000\137\000D\000I\000O\000\137\0000\0003\0001\000\050\000\051}{subsection.3.25.2}% 262
\BOOKMARK [3][-]{subsubsection.3.25.2.32}{\376\377\0003\000.\0002\0005\000.\0002\000.\0003\0002\000\040\000T\000R\000A\000F\000F\000\137\000D\000I\000O\000\137\0000\0003\0002\000\050\000\051}{subsection.3.25.2}% 263
\BOOKMARK [3][-]{subsubsection.3.25.2.33}{\376\377\0003\000.\0002\0005\000.\0002\000.\0003\0003\000\040\000T\000R\000A\000F\000F\000\137\000D\000I\000O\000\137\0000\0003\0003\000\050\000\051}{subsection.3.25.2}% 264
\BOOKMARK [3][-]{subsubsection.3.25.2.34}{\376\377\0003\000.\0002\0005\000.\0002\000.\0003\0004\000\040\000T\000R\000A\000F\000F\000\137\000D\000I\000O\000\137\0000\0003\0004\000\050\000\051}{subsection.3.25.2}% 265
\BOOKMARK [3][-]{subsubsection.3.25.2.35}{\376\377\0003\000.\0002\0005\000.\0002\000.\0003\0005\000\040\000T\000R\000A\000F\000F\000\137\000D\000I\000O\000\137\0000\0003\0005\000\050\000\051}{subsection.3.25.2}% 266
\BOOKMARK [1][-]{section.3.26}{\376\377\0003\000.\0002\0006\000\040\000T\000e\000s\000t\000\137\000D\000i\000o\000.\000h}{chapter.3}% 267
\BOOKMARK [1][-]{section.3.27}{\376\377\0003\000.\0002\0007\000\040\000T\000y\000p\000e\000s\000.\000h\000\040\000F\000i\000l\000e\000\040\000R\000e\000f\000e\000r\000e\000n\000c\000e}{chapter.3}% 268
\BOOKMARK [2][-]{subsection.3.27.1}{\376\377\0003\000.\0002\0007\000.\0001\000\040\000M\000a\000c\000r\000o\000\040\000D\000e\000f\000i\000n\000i\000t\000i\000o\000n\000\040\000D\000o\000c\000u\000m\000e\000n\000t\000a\000t\000i\000o\000n}{section.3.27}% 269
\BOOKMARK [3][-]{subsubsection.3.27.1.1}{\376\377\0003\000.\0002\0007\000.\0001\000.\0001\000\040\000F\000A\000L\000S\000E}{subsection.3.27.1}% 270
\BOOKMARK [3][-]{subsubsection.3.27.1.2}{\376\377\0003\000.\0002\0007\000.\0001\000.\0002\000\040\000N\000U\000L\000L}{subsection.3.27.1}% 271
\BOOKMARK [3][-]{subsubsection.3.27.1.3}{\376\377\0003\000.\0002\0007\000.\0001\000.\0003\000\040\000T\000R\000U\000E}{subsection.3.27.1}% 272
\BOOKMARK [2][-]{subsection.3.27.2}{\376\377\0003\000.\0002\0007\000.\0002\000\040\000T\000y\000p\000e\000d\000e\000f\000\040\000D\000o\000c\000u\000m\000e\000n\000t\000a\000t\000i\000o\000n}{section.3.27}% 273
\BOOKMARK [3][-]{subsubsection.3.27.2.1}{\376\377\0003\000.\0002\0007\000.\0002\000.\0001\000\040\000S\000t\000a\000t\000u\000s}{subsection.3.27.2}% 274
\BOOKMARK [3][-]{subsubsection.3.27.2.2}{\376\377\0003\000.\0002\0007\000.\0002\000.\0002\000\040\000u\000i\000n\000t\0001\0006\000\137\000t}{subsection.3.27.2}% 275
\BOOKMARK [3][-]{subsubsection.3.27.2.3}{\376\377\0003\000.\0002\0007\000.\0002\000.\0003\000\040\000u\000i\000n\000t\0008\000\137\000t}{subsection.3.27.2}% 276
\BOOKMARK [2][-]{subsection.3.27.3}{\376\377\0003\000.\0002\0007\000.\0003\000\040\000E\000n\000u\000m\000e\000r\000a\000t\000i\000o\000n\000\040\000T\000y\000p\000e\000\040\000D\000o\000c\000u\000m\000e\000n\000t\000a\000t\000i\000o\000n}{section.3.27}% 277
\BOOKMARK [3][-]{subsubsection.3.27.3.1}{\376\377\0003\000.\0002\0007\000.\0003\000.\0001\000\040\000S\000t\000a\000t\000u\000s}{subsection.3.27.3}% 278
\BOOKMARK [1][-]{section.3.28}{\376\377\0003\000.\0002\0008\000\040\000T\000y\000p\000e\000s\000.\000h}{chapter.3}% 279
\BOOKMARK [0][-]{section*.188}{\376\377\000I\000n\000d\000e\000x}{}% 280
